<?xml version="1.0" encoding="UTF-8"?>
<testsuites name="smb" time="25" tests="3" failures="0" errors="0">
   <testsuite name="smb" tests="3" failures="0" errors="0" time="25" timestamp="2019-04-19 14:34:40" hostname="charlesl.jaggi - INF16-JAGGIC.intra.eiaj.ch" id="Test Suites/smb">
      <properties>
         <property name="deviceName" value=""/>
         <property name="devicePlatform" value=""/>
         <property name="logFolder" value="C:\\dev\\jee\\SMB\\SMBKatalon\\Reports\\smb\\20190419_143437"/>
         <property name="logFiles" value="C:\\dev\\jee\\SMB\\SMBKatalon\\Reports\\smb\\20190419_143437\\execution0.log"/>
         <property name="attachments" value=""/>
         <property name="hostName" value="charlesl.jaggi - INF16-JAGGIC.intra.eiaj.ch"/>
         <property name="os" value="Windows 10 64bit"/>
         <property name="katalonVersion" value="6.1.1.1"/>
         <property name="browser" value="Chrome 73.0.3683.103"/>
         <property name="hostAddress" value="157.26.66.39"/>
         <property name="sessionId" value="ab64d257f18cf99c75636cef38d4ad77"/>
         <property name="seleniumVersion" value="3.7.1"/>
         <property name="proxyInformation" value="ProxyInformation{proxyOption=NO_PROXY, proxyServerType=HTTP, password=, proxyServerAddress=, proxyServerPort=0}"/>
         <property name="platform" value="Windows 10"/>
      </properties>
      <testcase name="Test Cases/login" classname="Test Cases/login" status="PASSED">
         <system-out><![CDATA[2019-04-19 14:34:40 - [TEST_CASE][PASSED] - Test Cases/login: Test Cases/login

2019-04-19 14:34:41 - [TEST_STEP][PASSED] - openBrowser(""): Browser is opened with url: ''

2019-04-19 14:34:42 - [MESSAGE][INFO] - Starting 'Chrome (headless)' driver

2019-04-19 14:34:42 - [MESSAGE][INFO] - Action delay is set to 0 seconds

2019-04-19 14:34:48 - [MESSAGE][PASSED] - Browser is opened with url: ''

2019-04-19 14:34:48 - [TEST_STEP][PASSED] - navigateToUrl("http://127.0.0.1:9090/"): Navigate to 'http://127.0.0.1:9090/' successfully

2019-04-19 14:34:49 - [MESSAGE][PASSED] - Navigate to 'http://127.0.0.1:9090/' successfully

2019-04-19 14:34:49 - [TEST_STEP][PASSED] - click(findTestObject("Page_Spring Boot Thymeleaf/a_Login")): Object: 'Object Repository/Page_Spring Boot Thymeleaf/a_Login' is clicked on

2019-04-19 14:34:49 - [MESSAGE][PASSED] - Object: 'Object Repository/Page_Spring Boot Thymeleaf/a_Login' is clicked on

2019-04-19 14:34:49 - [TEST_STEP][PASSED] - setText(findTestObject("Page_Spring Boot Thymeleaf/input_Username_username"), "steven23"): Text 'steven23' is set on object 'Object Repository/Page_Spring Boot Thymeleaf/input_Username_username'

2019-04-19 14:34:49 - [MESSAGE][PASSED] - Text 'steven23' is set on object 'Object Repository/Page_Spring Boot Thymeleaf/input_Username_username'

2019-04-19 14:34:49 - [TEST_STEP][PASSED] - setEncryptedText(findTestObject("Page_Spring Boot Thymeleaf/input_Password_password"), "V2rEZwedbz+j4vx1UWuf6w=="): Text ****** has been set on object 'Object Repository/Page_Spring Boot Thymeleaf/input_Password_password'

2019-04-19 14:34:49 - [MESSAGE][PASSED] - Text ****** has been set on object 'Object Repository/Page_Spring Boot Thymeleaf/input_Password_password'

2019-04-19 14:34:49 - [TEST_STEP][PASSED] - click(findTestObject("Page_Spring Boot Thymeleaf/button_Log In")): Object: 'Object Repository/Page_Spring Boot Thymeleaf/button_Log In' is clicked on

2019-04-19 14:34:50 - [MESSAGE][PASSED] - Object: 'Object Repository/Page_Spring Boot Thymeleaf/button_Log In' is clicked on]]></system-out>
         <system-err><![CDATA[]]></system-err>
      </testcase>
      <testcase name="Test Cases/create_board_modo" classname="Test Cases/create_board_modo" status="PASSED">
         <system-out><![CDATA[2019-04-19 14:34:50 - [TEST_CASE][PASSED] - Test Cases/create_board_modo: Test Cases/create_board_modo

2019-04-19 14:34:50 - [TEST_STEP][PASSED] - openBrowser(""): Browser is opened with url: ''

2019-04-19 14:34:50 - [MESSAGE][WARNING] - A browser is already opened. Closing browser and opening a new one

2019-04-19 14:34:51 - [MESSAGE][INFO] - Starting 'Chrome (headless)' driver

2019-04-19 14:34:55 - [MESSAGE][PASSED] - Browser is opened with url: ''

2019-04-19 14:34:55 - [TEST_STEP][PASSED] - navigateToUrl("http://127.0.0.1:9090/boards"): Navigate to 'http://127.0.0.1:9090/boards' successfully

2019-04-19 14:34:56 - [MESSAGE][PASSED] - Navigate to 'http://127.0.0.1:9090/boards' successfully

2019-04-19 14:34:56 - [TEST_STEP][PASSED] - click(findTestObject("Object Repository/Page_Spring Boot Thymeleaf/a_Login")): Object: 'Object Repository/Page_Spring Boot Thymeleaf/a_Login' is clicked on

2019-04-19 14:34:56 - [MESSAGE][PASSED] - Object: 'Object Repository/Page_Spring Boot Thymeleaf/a_Login' is clicked on

2019-04-19 14:34:56 - [TEST_STEP][PASSED] - setText(findTestObject("Object Repository/Page_Spring Boot Thymeleaf/input_Username_username"), "lewislewis"): Text 'lewislewis' is set on object 'Object Repository/Page_Spring Boot Thymeleaf/input_Username_username'

2019-04-19 14:34:56 - [MESSAGE][PASSED] - Text 'lewislewis' is set on object 'Object Repository/Page_Spring Boot Thymeleaf/input_Username_username'

2019-04-19 14:34:56 - [TEST_STEP][PASSED] - setEncryptedText(findTestObject("Object Repository/Page_Spring Boot Thymeleaf/input_Password_password"), "eWrmvIvEgHHUCGRVcsPJcw=="): Text ****** has been set on object 'Object Repository/Page_Spring Boot Thymeleaf/input_Password_password'

2019-04-19 14:34:56 - [MESSAGE][PASSED] - Text ****** has been set on object 'Object Repository/Page_Spring Boot Thymeleaf/input_Password_password'

2019-04-19 14:34:56 - [TEST_STEP][PASSED] - click(findTestObject("Page_Spring Boot Thymeleaf/button_Log In"), STOP_ON_FAILURE): Object: 'Object Repository/Page_Spring Boot Thymeleaf/button_Log In' is clicked on

2019-04-19 14:34:57 - [MESSAGE][PASSED] - Object: 'Object Repository/Page_Spring Boot Thymeleaf/button_Log In' is clicked on

2019-04-19 14:34:57 - [TEST_STEP][PASSED] - click(findTestObject("Object Repository/Page_Spring Boot Thymeleaf/a_Boards")): Object: 'Object Repository/Page_Spring Boot Thymeleaf/a_Boards' is clicked on

2019-04-19 14:34:57 - [MESSAGE][PASSED] - Object: 'Object Repository/Page_Spring Boot Thymeleaf/a_Boards' is clicked on

2019-04-19 14:34:57 - [TEST_STEP][PASSED] - click(findTestObject("Object Repository/Page_Spring Boot Thymeleaf/i_Description_fas fa-plus")): Object: 'Object Repository/Page_Spring Boot Thymeleaf/i_Description_fas fa-plus' is clicked on

2019-04-19 14:34:57 - [MESSAGE][PASSED] - Object: 'Object Repository/Page_Spring Boot Thymeleaf/i_Description_fas fa-plus' is clicked on

2019-04-19 14:34:57 - [TEST_STEP][PASSED] - setText(findTestObject("Object Repository/Page_Spring Boot Thymeleaf/input_Board name_name"), "test"): Text 'test' is set on object 'Object Repository/Page_Spring Boot Thymeleaf/input_Board name_name'

2019-04-19 14:34:57 - [MESSAGE][PASSED] - Text 'test' is set on object 'Object Repository/Page_Spring Boot Thymeleaf/input_Board name_name'

2019-04-19 14:34:57 - [TEST_STEP][PASSED] - setText(findTestObject("Object Repository/Page_Spring Boot Thymeleaf/textarea_Board description_description"), "test"): Text 'test' is set on object 'Object Repository/Page_Spring Boot Thymeleaf/textarea_Board description_description'

2019-04-19 14:34:58 - [MESSAGE][PASSED] - Text 'test' is set on object 'Object Repository/Page_Spring Boot Thymeleaf/textarea_Board description_description'

2019-04-19 14:34:58 - [TEST_STEP][PASSED] - click(findTestObject("Object Repository/Page_Spring Boot Thymeleaf/button_Save")): Object: 'Object Repository/Page_Spring Boot Thymeleaf/button_Save' is clicked on

2019-04-19 14:34:58 - [MESSAGE][PASSED] - Object: 'Object Repository/Page_Spring Boot Thymeleaf/button_Save' is clicked on

2019-04-19 14:34:58 - [TEST_STEP][PASSED] - closeBrowser(): Browser is closed

2019-04-19 14:34:59 - [MESSAGE][PASSED] - Browser is closed]]></system-out>
         <system-err><![CDATA[]]></system-err>
      </testcase>
      <testcase name="Test Cases/NavBar" classname="Test Cases/NavBar" status="PASSED">
         <system-out><![CDATA[2019-04-19 14:34:59 - [TEST_CASE][PASSED] - Test Cases/NavBar: Test Cases/NavBar

2019-04-19 14:34:59 - [TEST_STEP][PASSED] - openBrowser(""): Browser is opened with url: ''

2019-04-19 14:34:59 - [MESSAGE][INFO] - Starting 'Chrome (headless)' driver

2019-04-19 14:35:02 - [MESSAGE][PASSED] - Browser is opened with url: ''

2019-04-19 14:35:02 - [TEST_STEP][PASSED] - navigateToUrl("http://127.0.0.1:9090/"): Navigate to 'http://127.0.0.1:9090/' successfully

2019-04-19 14:35:03 - [MESSAGE][PASSED] - Navigate to 'http://127.0.0.1:9090/' successfully

2019-04-19 14:35:03 - [TEST_STEP][PASSED] - click(findTestObject("Object Repository/Page_Spring Boot Thymeleaf/a_Login")): Object: 'Object Repository/Page_Spring Boot Thymeleaf/a_Login' is clicked on

2019-04-19 14:35:04 - [MESSAGE][PASSED] - Object: 'Object Repository/Page_Spring Boot Thymeleaf/a_Login' is clicked on

2019-04-19 14:35:04 - [TEST_STEP][PASSED] - setText(findTestObject("Object Repository/Page_Spring Boot Thymeleaf/input_Username_username"), "lewislewis"): Text 'lewislewis' is set on object 'Object Repository/Page_Spring Boot Thymeleaf/input_Username_username'

2019-04-19 14:35:04 - [MESSAGE][PASSED] - Text 'lewislewis' is set on object 'Object Repository/Page_Spring Boot Thymeleaf/input_Username_username'

2019-04-19 14:35:04 - [TEST_STEP][PASSED] - setEncryptedText(findTestObject("Object Repository/Page_Spring Boot Thymeleaf/input_Password_password"), "eWrmvIvEgHHUCGRVcsPJcw=="): Text ****** has been set on object 'Object Repository/Page_Spring Boot Thymeleaf/input_Password_password'

2019-04-19 14:35:04 - [MESSAGE][PASSED] - Text ****** has been set on object 'Object Repository/Page_Spring Boot Thymeleaf/input_Password_password'

2019-04-19 14:35:04 - [TEST_STEP][PASSED] - click(findTestObject("Page_Spring Boot Thymeleaf/button_Log In"), STOP_ON_FAILURE): Object: 'Object Repository/Page_Spring Boot Thymeleaf/button_Log In' is clicked on

2019-04-19 14:35:04 - [MESSAGE][PASSED] - Object: 'Object Repository/Page_Spring Boot Thymeleaf/button_Log In' is clicked on

2019-04-19 14:35:04 - [TEST_STEP][PASSED] - click(findTestObject("Object Repository/Page_Spring Boot Thymeleaf/a_SMB")): Object: 'Object Repository/Page_Spring Boot Thymeleaf/a_SMB' is clicked on

2019-04-19 14:35:04 - [MESSAGE][PASSED] - Object: 'Object Repository/Page_Spring Boot Thymeleaf/a_SMB' is clicked on

2019-04-19 14:35:04 - [TEST_STEP][PASSED] - click(findTestObject("Object Repository/Page_Spring Boot Thymeleaf/a_Boards")): Object: 'Object Repository/Page_Spring Boot Thymeleaf/a_Boards' is clicked on

2019-04-19 14:35:05 - [MESSAGE][PASSED] - Object: 'Object Repository/Page_Spring Boot Thymeleaf/a_Boards' is clicked on

2019-04-19 14:35:05 - [TEST_STEP][PASSED] - click(findTestObject("Object Repository/Page_Spring Boot Thymeleaf/a_Admin")): Object: 'Object Repository/Page_Spring Boot Thymeleaf/a_Admin' is clicked on

2019-04-19 14:35:05 - [MESSAGE][PASSED] - Object: 'Object Repository/Page_Spring Boot Thymeleaf/a_Admin' is clicked on

2019-04-19 14:35:05 - [TEST_STEP][PASSED] - click(findTestObject("Object Repository/Page_Spring Boot Thymeleaf/a_Logout")): Object: 'Object Repository/Page_Spring Boot Thymeleaf/a_Logout' is clicked on

2019-04-19 14:35:05 - [MESSAGE][PASSED] - Object: 'Object Repository/Page_Spring Boot Thymeleaf/a_Logout' is clicked on

2019-04-19 14:35:05 - [TEST_STEP][PASSED] - click(findTestObject("Object Repository/Page_Spring Boot Thymeleaf/a_Register")): Object: 'Object Repository/Page_Spring Boot Thymeleaf/a_Register' is clicked on

2019-04-19 14:35:05 - [MESSAGE][PASSED] - Object: 'Object Repository/Page_Spring Boot Thymeleaf/a_Register' is clicked on]]></system-out>
         <system-err><![CDATA[]]></system-err>
      </testcase>
      <system-out><![CDATA[2019-04-19 14:34:40 - [TEST_SUITE][PASSED] - smb: Test Cases/NavBar]]></system-out>
      <system-err><![CDATA[]]></system-err>
   </testsuite>
</testsuites>
